2013-11-19T16:37:44+00:00 INFO (6): FirePHP logging enabled
2013-11-19T16:37:44+00:00 INFO (6): Hello
2013-11-19T16:39:11+00:00 INFO (6): FirePHP logging enabled
2013-11-19T16:39:11+00:00 INFO (6): Hello
2013-11-19T16:40:38+00:00 INFO (6): FirePHP logging enabled
2013-11-19T16:40:38+00:00 INFO (6): Hello
2013-11-19T16:41:51+00:00 INFO (6): FirePHP logging enabled
2013-11-19T16:41:51+00:00 INFO (6): Hello
2013-11-19T16:53:24+00:00 INFO (6): FirePHP logging enabled
2013-11-19T16:53:24+00:00 INFO (6): Hello
2013-11-19T16:54:43+00:00 INFO (6): FirePHP logging enabled
2013-11-19T16:54:43+00:00 INFO (6): array (
  'files' => 
  array (
    0 => 
    array (
      'name' => 'Telegraph 1000_Sept 2011.csv',
      'error' => 'No new companies found to upload',
    ),
  ),
)
2013-11-19T16:58:48+00:00 INFO (6): FirePHP logging enabled
2013-11-19T16:58:48+00:00 INFO (6): array (
  'files' => 
  array (
    0 => 
    array (
      'name' => 'Telegraph 1000_Sept 2011.csv',
      'error' => 'No new companies found to upload',
    ),
  ),
)
2013-11-19T17:01:53+00:00 INFO (6): FirePHP logging enabled
2013-11-19T17:01:53+00:00 INFO (6): array (
  'files' => 
  array (
    0 => 
    array (
      'name' => 'Telegraph 1000_Sept 2011.csv',
      'error' => 'No new companies found to upload',
    ),
  ),
)
2013-11-19T17:12:53+00:00 INFO (6): FirePHP logging enabled
2013-11-19T17:12:53+00:00 INFO (6): array (
  'files' => 
  array (
    0 => 
    array (
      'name' => 'Telegraph 1000_Sept 2011.csv',
      'error' => 'No new companies found to upload',
    ),
  ),
)
2013-11-19T17:13:46+00:00 INFO (6): FirePHP logging enabled
2013-11-19T17:13:46+00:00 INFO (6): array (
  'files' => 
  array (
    0 => 
    array (
      'name' => 'Telegraph 1000_Sept 2011.csv',
      'error' => 'No new companies found to upload',
    ),
  ),
)
2013-11-19T17:14:19+00:00 INFO (6): FirePHP logging enabled
2013-11-19T17:14:19+00:00 INFO (6): array (
  'files' => 
  array (
    0 => 
    array (
      'name' => 'Telegraph 1000_Sept 2011.csv',
      'error' => 'Complete',
    ),
  ),
)
2013-11-19T17:53:08+00:00 INFO (6): FirePHP logging enabled
2013-11-19T17:53:08+00:00 INFO (6): array (
  'files' => 
  array (
    0 => 
    array (
      'name' => 'Telegraph 1000_Sept 2011.csv',
      'error' => 'Statement could not be executed',
    ),
  ),
)
2013-11-19T17:54:09+00:00 INFO (6): FirePHP logging enabled
2013-11-19T17:54:09+00:00 INFO (6): array (
  'files' => 
  array (
    0 => 
    array (
      'name' => 'Telegraph 1000_Sept 2011.csv',
      'error' => 'Complete',
    ),
  ),
)
