[2013-11-13 10:35:10] log.ERROR: Curl error: [curl] 7: Failed connect to localhost:9200; Connection refused [url] http://localhost:9200 [] {"file":"/Users/chris/git/directorzone/vendor/elasticsearch/elasticsearch/src/Elasticsearch/Connections/GuzzleConnection.php","line":253,"class":"Elasticsearch\\Connections\\GuzzleConnection","function":"processCurlError"}
[2013-11-14 21:53:33] log.ERROR: 500 Server Exception: Server error response
[status code] 500
[reason phrase] Internal Server Error
[url] http://localhost:9200/companies/company/_bulk
{"error":"ActionRequestValidationException[Validation Failed: 1: no requests added;]","status":500} [] {"file":"/var/www/directorzone/vendor/elasticsearch/elasticsearch/src/Elasticsearch/Connections/GuzzleConnection.php","line":189,"class":"Elasticsearch\\Connections\\GuzzleConnection","function":"process5xxError"}
[2013-11-14 21:54:21] log.ERROR: 500 Server Exception: Server error response
[status code] 500
[reason phrase] Internal Server Error
[url] http://localhost:9200/companies/company/_bulk
{"error":"ActionRequestValidationException[Validation Failed: 1: no requests added;]","status":500} [] {"file":"/var/www/directorzone/vendor/elasticsearch/elasticsearch/src/Elasticsearch/Connections/GuzzleConnection.php","line":189,"class":"Elasticsearch\\Connections\\GuzzleConnection","function":"process5xxError"}
[2013-11-14 21:54:52] log.ERROR: 500 Server Exception: Server error response
[status code] 500
[reason phrase] Internal Server Error
[url] http://localhost:9200/companies/company/_bulk
{"error":"ActionRequestValidationException[Validation Failed: 1: no requests added;]","status":500} [] {"file":"/var/www/directorzone/vendor/elasticsearch/elasticsearch/src/Elasticsearch/Connections/GuzzleConnection.php","line":189,"class":"Elasticsearch\\Connections\\GuzzleConnection","function":"process5xxError"}
[2013-11-14 21:55:16] log.ERROR: 500 Server Exception: Server error response
[status code] 500
[reason phrase] Internal Server Error
[url] http://localhost:9200/companies/company/_bulk
{"error":"ActionRequestValidationException[Validation Failed: 1: no requests added;]","status":500} [] {"file":"/var/www/directorzone/vendor/elasticsearch/elasticsearch/src/Elasticsearch/Connections/GuzzleConnection.php","line":189,"class":"Elasticsearch\\Connections\\GuzzleConnection","function":"process5xxError"}
[2013-11-28 18:45:58] log.ERROR: Curl error: [curl] 7: couldn't connect to host [url] http://localhost:9200 [] {"file":"/var/www/directorzone/vendor/elasticsearch/elasticsearch/src/Elasticsearch/Connections/GuzzleConnection.php","line":253,"class":"Elasticsearch\\Connections\\GuzzleConnection","function":"processCurlError"}
[2013-11-28 18:46:09] log.ERROR: Curl error: [curl] 7: couldn't connect to host [url] http://localhost:9200 [] {"file":"/var/www/directorzone/vendor/elasticsearch/elasticsearch/src/Elasticsearch/Connections/GuzzleConnection.php","line":253,"class":"Elasticsearch\\Connections\\GuzzleConnection","function":"processCurlError"}
