5000 | RUNWICK PROPERTIES LIMITED
10000 | RYAN PLEASANTS SERVICES LIMITED
15000 | S C BAILEY LIMITED
20000 | S W GLASS (MIDLAND) LIMITED
25000 | S.M.I.F.O LIMITED
30000 | SAFARI SUD LIMITED
35000 | SAIMA RENNIE LIMITED
40000 | SALUJA HOLDINGS LIMITED
45000 | SANDERO RESTAURANT LIMITED
50000 | SAPPHIRE PARTITIONS LIMITED
55000 | SAUMUR SERVICES LIMITED
60000 | SC290927 LIMITED
65000 | SCIENCE FOR THE FUTURE LIMITED
70000 | SCOTTSDALE MANAGEMENT LIMITED
75000 | SEAFRANCE LIMITED
80000 | SECURE HIRE LIMITED
85000 | SELECT ENTERTAINMENT LONDON LIMITED
90000 | SENTRYWINDOWS&CONSERVATORIES LTD
95000 | SEU MT INVEST LTD
100000 | SHAADIINVITE LTD
105000 | SHARLINE LIMITED
110000 | SHELLEY MALHOTRA LTD
115000 | SHINY IT LTD
120000 | SHOWHOME CLEANING SERVICES LIMITED
125000 | SIGMA PRAXIS LIMITED
130000 | SILVERBASE LIMITED
135000 | SIMPLE IMAGES LIMITED
140000 | SINOCHEM (UNITED KINGDOM) LIMITED
145000 | SJD TAXI RENTALS LTD.
150000 | SKNOHSYS LIMITED
155000 | SLFTECH LIMITED
160000 | SMART PRINT & LABELS (SALES) LIMITED
165000 | SMITHS BUILDING SUPPLIES LIMITED
170000 | SO TECHNOLOGIES LIMITED
175000 | SOLAR AND WIND ENERGY LIMITED
180000 | SOLUTIONS RESOURCE GROUP LIMITED
185000 | SOTER RENEWABLES LIMITED
190000 | SOUTH WALES CCTV TRADERS LTD
195000 | SOUTHWICK AUTO CENTRE LTD
200000 | SPARTREV LIMITED
205000 | SPEEDY SOFAS LIMITED
210000 | SPIRRAC LIMITED
215000 | SPRING RESEARCH LIMITED
220000 | SRCL LIMITED
225000 | ST JOSEPHS MANAGEMENT (LIVERPOOL) LIMITED
230000 | STAFFORD ELECTRICAL CONTRACTORS LTD
235000 | STANWAY INVESTMENTS LIMITED
240000 | STATION CARS ( CRYSTAL PALACE ) LIMITED
245000 | STEP CHANGE TRAINING LIMITED
250000 | STEVE POPE PROPERTIES LIMITED
255000 | STOCKMARKETS DIGEST LIMITED
260000 | STORMBEX LIMITED
265000 | STRATUS ITC LIMITED
270000 | STUART MCMATH SERVICES LTD.
275000 | SUBSEA CONTROLS ENGINEERING LTD
280000 | SUMMYLAKE PROPERTIES LIMITED
285000 | SUNVILLE INVESTMENTS LIMITED
290000 | SURESMART LIMITED
295000 | SUTTON HEIGHTS INVESTMENTS LIMITED
300000 | SWEET TRUCK HAUL LIMITED
305000 | SYKES SCHOOL OF MOTORING LIMITED
310000 | SZADA TRANSPORT LTD
315000 | T&N TECHNOLOGY LTD
320000 | TABRAMHILL ESTATES LIMITED
325000 | TALKMUSICALLY LIMITED
330000 | TARA FITZGERALD LTD
335000 | TAWSEN LTD
340000 | TCI INFRASTRUCTURE (AFRICA) LIMITED
345000 | TECHMAN ENGINEERING LTD.
350000 | TEJAS PATEL LIMITED
355000 | TEN MILE MENU LIMITED
360000 | TESTING TESTING P.A.T LTD
365000 | THAT DOT UK LTD
370000 | THE BANK OF NEW YORK CAPITAL MARKETS LIMITED
375000 | THE BRITISH FRIENDS OF THE JAFFA INSTITUTE
380000 | THE CLARKE DARBY PARTNERSHIP LIMITED
385000 | THE DAVID SHELDRICK WILDLIFE TRUST
390000 | THE FACILITATORS LIMITED
395000 | THE GIPSY MOTH TRUST
400000 | THE HIGHBALL TRUST (BIRMINGHAM) LIMITED
405000 | THE KING JAMES QUAY MANAGEMENT LIMITED
410000 | THE LOTTERY PARTNERSHIP LLP
415000 | THE NARRATIVE LONDON LIMITED
420000 | THE PALMER FAMILY TRUST PLC
425000 | THE QI PARTNERSHIP LLP
430000 | THE SCOTTISH TRADITIONAL BOAT FESTIVAL
435000 | THE SUNBED CENTRE (SUTTON) LIMITED
440000 | THE VILLAGE BOOKSHOP LIMITED
445000 | THE-PAINTBOX LTD
450000 | THIRD PARTY DELIVERY LIMITED
455000 | THORNHILL FIBRES LIMITED
460000 | TICK TREND MANAGEMENT LLP
465000 | TIMBERSTEEL LIMITED
470000 | TITANS PARK HOME REFURBISHMENT LIMITED
475000 | TO ESCAPE TO LIMITED
480000 | TONGDEAN EYE CLINIC LIMITED
485000 | TOPINCS LIMITED
490000 | TOTAL ROPE SOLUTIONS LIMITED
495000 | TOWNLEY STONE HOLDINGS LIMITED
500000 | TRADIMEX CONSULTING LIMITED
505000 | TRANSLATION WORLD LIMITED
510000 | TREGAY PROPERTIES LLP
515000 | TRIGRAPH (2013) LIMITED
520000 | TROPICA LIMITED
525000 | TSI STAMFORD LIMITED
530000 | TURMORE PROPERTIES LIMITED
535000 | TWINOUGH REAL ESTATE UK LIMITED
540000 | U S L MANAGEMENT SERVICES LTD
545000 | UK EQUIPMENT SERVICES LTD
550000 | UKO ENTERPRISES LIMITED
555000 | UNI PIZZA LIMITED
560000 | UNITED INTELLIGENCE LIMITED
565000 | UPI SCHEMES LTD
570000 | USEMORE (UK) LIMITED
575000 | VAILLANT TECHNOLOGIES LTD.
580000 | VANI STAR LIMITED
585000 | VEGANKIND LTD
590000 | VERIFY INTERNATIONAL LIMITED
595000 | VIBRANT MOTORSPORTS LIMITED
600000 | VILAROSE LTD
605000 | VIRTOSIA LTD
610000 | VITAL SINES LIMITED
615000 | VOLT MEDIA LIMITED
620000 | W FORREST PROPERTIES LIMITED
625000 | WADDINGTON PROPERTIES LIMITED
630000 | WALRUS CONSULTING LIMITED
635000 | WARREN PROJECTS LIMITED
640000 | WATERSIDE WINDFARM LIMITED
645000 | WE ARE TELESCOPIC LTD
650000 | WEBWORKS INTERNET (UK) LIMITED
655000 | WELLTHERM DRILLING LTD
660000 | WEST LANCASHIRE FARRIERS LIMITED
665000 | WESTFIELDS HOMES (THE CLIMB) LLP
670000 | WH PARTNERSHIP (SOUTHERN) LTD
675000 | WHITE M LIMITED
680000 | WHOAGREES LIMITED
685000 | WILKES-LUCAS LIMITED
690000 | WILLOWBANK MANOR LIMITED
695000 | WINDOW TO LAW LIMITED
700000 | WISDOM STAFFING SOLUTIONS LTD
705000 | WOLFF & PARTNERS LLP
710000 | WOODLEY PENSION TRUSTEES LIMITED
715000 | WORKTOPS CHELTENHAM LTD
720000 | WR2 ACCOUNTING LIMITED
725000 | WYLAM BREWERY LIMITED
730000 | XONUBI LIMITED
735000 | YATTON VILLAGE SOCIAL CLUB LIMITED
740000 | YORDAN  KRAEV LTD
745000 | YOUR STORE EXETER LIMITED
750000 | ZANSHIN CONSULTANCY LTD
755000 | ZETAGOLD LIMITED
760000 | ZTING LTD
765000 | KYLE COURIERS LTD.
770000 | L. A. A. S. I. AVIATION LIMITED
775000 | LACATAY LIMITED
780000 | LAMBAL LIMITED
785000 | LANDSCAPING 4U LTD
790000 | LARKHALL COMMUNITY GROWERS
795000 | LAVA VIDEO (UK) LIMITED
800000 | LCS LIFETIME SERVICES (NORTHWEST) LIMITED
805000 | LEARNING SMARTER LIMITED
810000 | LEGAL AND BUSINESS CONSULTING LIMITED
815000 | LENRAF LIMITED
820000 | LEVERTON & COMPANY LIMITED
825000 | LIBERTY CHOICE LTD
830000 | LIGHTHOUSE ELECTRICAL SERVICES LTD
835000 | LINCOLNS CARE LIMITED
840000 | LINTON AND HIRST GROUP LIMITED
845000 | LITTLE FUN FEST AT YORK MAZE LTD
850000 | LIZ EVANS CONSULTANCY LIMITED
855000 | LNS SERVICES LTD.
860000 | LOGIC IT NETWORKS LIMITED
865000 | LONDON DEVICE EXCHANGE LIMITED
870000 | LONG TERM PUBS LIMITED
875000 | LOTSOFJOBLOTS LIMITED
880000 | LOWRANCE TRUSTEE COMPANY LIMITED
885000 | LUCKY WINES LTD
890000 | LUXURY CRAFTSMAN COMPANY LTD
895000 | M & E TRAVEL LIMITED
900000 | M G PHYSIO LIMITED
905000 | M&I TRANSPORT SERVICES LTD
910000 | M.KAYE(JEWELLERS)LIMITED
915000 | MACEACHERN HCH LTD
920000 | MADHO ENTERPRISES LIMITED LIMITED
925000 | MAHAVIR CONSULTING LTD
930000 | MAKEOVER LONDON LTD
935000 | MANA SOUND LIMITED
940000 | MANOLO SERVICES LIMITED
945000 | MAPRI LTD
950000 | MARINA FISH RESTAURANT LTD
955000 | MARKA CONSTRUCTION LTD
960000 | MARSDEN JAZZ FESTIVAL LIMITED
965000 | MARVIE LIMITED
970000 | MATCH MILL LTD
975000 | MAVERICKS OF MACCLESFIELD LIMITED
980000 | MAYFIELD SERVICE MANAGEMENT LIMITED
985000 | MCBRAN  ASSOCIATES LIMITED
990000 | MCLEAN PROPERTY MANAGEMENT LIMITED
995000 | MEADOWLANDS (NORTH) LIMITED
1000000 | MEDICAL FUTURES INNOVATION AWARDS LIMITED
1005000 | MEIKLEWOOD DEVELOPMENTS LIMITED
1010000 | MEPC CHINEHAM PARK NO. 2 LIMITED
1015000 | MERSEA ISLAND SECURITIES LIMITED
1020000 | METROPOLITAN SCHOOL OF BUSINESS AND MANAGEMENT
1025000 | MIAH'S (PANGBOURNE) LIMITED
1030000 | MICROSCAL LIMITED
1035000 | MIESPACIO LTD
1040000 | MILL SOFT TOYS LIMITED
1045000 | MIME ARCHITECTS LIMITED
1050000 | MIRAGE CLEANING SERVICES LIMITED
1055000 | MIZABEL LIMITED
1060000 | MLTCSTORE4YOU LIMITED
1065000 | MODEKARUSSELL EUROPA LIMITED
1070000 | MONARCH TRADE LIMITED
1075000 | MONTSOURCE LTD
1080000 | MORENEED LIMITED
1085000 | MOSAIC MORTGAGE MANAGEMENT LIMITED
1090000 | MOUNTAIN OWL LTD
1095000 | MR GAS SERVICES LTD
1100000 | MSZL LTD
1105000 | MULTIREAD METERS LIMITED
1110000 | MUSTARD POST PRODUCTION LTD
1115000 | MYATT-WELLS LIMITED
1120000 | N N R LIMITED
1125000 | NAK CONSULTING SERVICES LIMITED
1130000 | NATIONAL ENERGY SERVICES LIMITED
1135000 | NAZIA TRADING LTD
1140000 | NEIL FERGUSSON (CHEMIST) LIMITED
1145000 | NETCARE EUROPE LIMITED
1150000 | NEW CLASSIQUE RECORDINGS LIMITED
1155000 | NEW WORLD EXOTICS LTD
1160000 | NEWSEAT LIMITED
1165000 | NIC AND LOU LIMITED
1170000 | NIGHTINGALE POETRY LTD.
1175000 | NK PSYCHOLOGICAL SERVICES LTD
1180000 | NOMINA NO 122 LLP
1185000 | NORTH BELFAST EMPLOYMENT CENTRE
1190000 | NORTHERN CAR HIRE LTD
1195000 | NOSH PUBLICATIONS LIMITED
1200000 | NRB ROADPHONE GROUP LIMITED
1205000 | NURSTED BUILDERS LIMITED
1210000 | O.P.M. SOUTHERN LIMITED
1215000 | OASIS ASSET ASSOCIATES LIMITED
1220000 | OCTO9 LTD.
1225000 | OILFIELD QUALITY CONSULTANTS LTD
1230000 | OLIVERDE LTD
1235000 | ON-THE-GO-HOOK LIMITED
1240000 | ONLY LOVE MUSIC LIMITED
1245000 | OPTIK FILMS LIMITED
1250000 | ORCHARD FIELDS (OVER) RESIDENTS ASSOCIATION LIMITED
1255000 | ORR SERVICES LIMITED
1260000 | OUR DOGS CENTENARY LIMITED
1265000 | OWSTON COMMERCIALS LIMITED
1270000 | P & R ROBINSON LIMITED
1275000 | P&B DECORATORS LIMITED
1280000 | P2D SOLUTIONS LIMITED
1285000 | PAKEEZA CATEERING LIMITED
1290000 | PANIC TRANSPORT LIMITED
1295000 | PARCELGIANTS LIMITED
1300000 | PARKSIDE HOUSE LIMITED
1305000 | PASSIFLORA HOLISTIC HEALTH LIMITED
1310000 | PAUL FOLD (DIAMOND DRILLING) LTD
1315000 | PAYROLL PLUS LIMITED
1320000 | PEACOCK LONDON LTD.
1325000 | PEGASUS VENTURES (UK) LIMITED
1330000 | PENNY HYDRAULICS LIMITED
1335000 | PERFECT PAGES LIMITED
1340000 | PEST SOLUTIONS LIMITED
1345000 | PETRA&JON LTD
1350000 | PHAZED LIMITED
1355000 | PHOENIX INTERIORS (SW) LTD
1360000 | PICTURE WINDOWS (LINCS) LIMITED
1365000 | PINNACLE ALPACAS LLP
1370000 | PIZZA GOGO DULWICH LIMITED
1375000 | PLANNING & MANAGEMENT SERVICES LIMITED
1380000 | PLEXUS PLANNING LIMITED
1385000 | PNPF TRUST COMPANY LIMITED
1390000 | POMANAK MARKETING LIMITED
1395000 | PORTLAND STREET PRACTICE LTD
1400000 | POWER ELECTRICAL SOLUTIONS LTD
1405000 | PRANA SPA LIMITED
1410000 | PREMIER MOBILE PHONES LTD
1415000 | PRESTIGE SERVICE LIMITED
1420000 | PRIME SOFTWARE DESIGN LIMITED
1425000 | PRISTINE COMPONENTS LIMITED
1430000 | PROCTER & CHESTER MEASUREMENTS (HOLDINGS) LIMITED
1435000 | PROJECT ABMH LIMITED
1440000 | PROPERTY IN BRITAIN LIMITED
1445000 | PROVECTUS SERVICES LIMITED
1450000 | PUBKEEPING UK LTD
1455000 | PUREMOOV LIMITED
1460000 | Q NETWORKS LTD
1465000 | QUALITY COACHING LIMITED
1470000 | QUEENSBRIDGE HOMES LTD
1475000 | QWIRKY WOMEN LIMITED
1480000 | R HOOPER LIMITED
1485000 | R. E. M. NETWORKS LIMITED
1490000 | R4CAD LTD
1495000 | RAGDALE PROPERTIES LIMITED
1500000 | RAMEN LIMITED
1505000 | RASORRA LIMITED
1510000 | RB ACCOUNTING SERVICES LIMITED
1515000 | READY & PREPARED LIMITED
1520000 | RECSTORHIRE SOLUTIONS LTD
1525000 | RED WHITE AND FIZZ LTD
1530000 | REED EVENTS LIMITED
1535000 | REGIMENTAL PROPERTIES LIMITED
1540000 | REMUS & CO LTD
1545000 | RESIDENTS MANAGEMENT (17 ADAMSON ROAD) LIMITED
1550000 | REVENUE ASSURANCE METER POINT SERVICES LIMITED
1555000 | RHO INVESTMENTS LIMITED
1560000 | RICHARDSON HOWARTH LLP
1565000 | RIGHTS AND REMEDIES UK LTD
1570000 | RIVER HEIGHTS TENANT MANAGEMENT CO-OPERATIVE LIMITED
1575000 | RKS & CO. SERVICES LTD
1580000 | ROBERT A NEELY LTD.
1585000 | ROCCA ENGINEERING SERVICES LIMITED
1590000 | ROGER LEWIS LIMITED
1595000 | ROOFERS MATE LIMITED
1600000 | ROSIE LEA BAKERY LIMITED
1605000 | ROWDY PRODUCTIONS LIMITED
1610000 | RS OVERSEAS LLP
1615000 | DERWENT PLYMOUTH LIMITED
1620000 | DEV TILAK PVT LTD
1625000 | DGL ENERGY LIMITED
1630000 | DICKERMAN OVERSEAS CONTRACTING COMPANY LIMITED
1635000 | DILA LIMITED
1640000 | DIRTY CARTEL LIMITED
1645000 | DJ CONTRACT SERVICES LIMITED
1650000 | DMN FILMS LIMITED
1655000 | DOLPHIN INDOOR BOWLS CLUB LIMITED
1660000 | DORCO EUROPE LIMITED
1665000 | DOWN COMMUNITY RADIO LIMITED
1670000 | DRAGON ESTATES LIMITED
1675000 | DRINKWATERS LANDHOLDINGS LIMITED
1680000 | DSRE HOLDINGS LIMITED
1685000 | DUNCAN WOOD CONSULTING LIMITED
1690000 | DW WATER PARTNERSHIP LIMITED
1695000 | E LESTER CONSULTING LIMITED
1700000 | E.V. HUGHES AND SON CO. LIMITED
1705000 | EAST ANGLIA DAIRY HR LTD
1710000 | EASTSIDE COLLEGE LTD
1715000 | ECCLESGREEN LIMITED
1720000 | ECONOPOWER CONSULTING ENGINEERS LIMITED
1725000 | EDIE CONSULTING LIMITED
1730000 | EEZHAVATHANA LTD
1735000 | EKA CONSULTING SERVICES LIMITED
1740000 | ELECTRON ELECTRICAL SERVICES LIMITED
1745000 | ELITE LEADS DIRECT LIMITED
1750000 | ELM TREE PROJECT (SOUTHALL) LIMITED
1755000 | EMCO INTERNATIONAL LIMITED
1760000 | EMPORIA GLOBAL LIMITED
1765000 | ENERGY RESOURCES DEVELOPMENTS LIMITED
1770000 | ENSCO 928 LIMITED
1775000 | EO ENTERPRISES LIMITED
1780000 | ER (INTERIM) LTD
1785000 | ESM SERVICES LTD
1790000 | ESUN ENERGY CO., LTD
1795000 | EURO LINK CARS LIMITED
1800000 | EUROPEAN TRADERS LIMITED
1805000 | EVERGREEN BIOSCIENCE LTD
1810000 | EXAUTO OF EXETER LIMITED
1815000 | EXLEY HEALTHCARE LTD
1820000 | EXTRAWAY LIMITED
1825000 | F.C. SPRING (ESSEX) LIMITED
1830000 | FAIR-PRICE KITCHENS & BATHROOMS LTD.
1835000 | FAMILY ACTION IN OUR REGION
1840000 | FASH MEDICAL LTD
1845000 | FD CAR LIMITED
1850000 | FERGUSSONS AUTO SERVICES (SURREY) LIMITED
1855000 | FIELD SYSTEMS DESIGNS HOLDINGS PLC
1860000 | FINANCING SERVICES LIMITED
1865000 | FIRE PROTECTION MATTERS LTD
1870000 | FIRST PARAMOUNT TRADING LTD
1875000 | FITZROVIA PLUMBING LIMITED
1880000 | FLEET ROAD NW3 LIMITED
1885000 | FLORINA BOUTIQUE LTD
1890000 | FOCUSED EVALUATIONS PROGRAM PTY. LTD.
1895000 | FORDHOOK TRANSPORT COMPANY LTD
1900000 | FORTFIELD CONSULTING (UK) LIMITED
1905000 | FOUR SEASONS TEXTURED COATINGS LIMITED
1910000 | FRANCIS LEISURE LIMITED
1915000 | FREELANCE EURO SERVICES (MDCCXLI) LIMITED
1920000 | FRIENDS ASSOCIATES LIMITED
1925000 | FUBAR FITNESS LTD
1930000 | FUSE BI LTD
1935000 | G & G CONSTRUCTION LIMITED
1940000 | G S L SPORTSWEAR LIMITED
1945000 | G.P.M. DESIGNS LIMITED
1950000 | GALEBREAKER ENTERPRISES LLP
1955000 | GARDENLINE LIMITED
1960000 | GATEN LIMITED
1965000 | GD SECURITY LIMITED
1970000 | GENERAL COMMUNICATIONS U.K. LIMITED
1975000 | GEORGE FILMS LIMITED
1980000 | GG1 CATERING LIMITED
1985000 | GILLETT CO UK LIMITED
1990000 | GLADSTONE SOFTWARE DEVELOPMENT LIMITED
1995000 | GLENN CRACKNELL CONSULTING LIMITED
2000000 | GLOBAL MANAGEMENT SERVICES LIMITED
2005000 | GLOUCESTER MOTORS LIMITED
2010000 | GO4IT SOLUTIONS LTD
2015000 | GOLDENCREST DEVELOPMENTS LIMITED
2020000 | GOODMAN 123 LIMITED
2025000 | GOZLUGOL LIMITED
2030000 | GRAHAM WOODEND PLASTERING AND BUILDING SERVICES LTD
2035000 | GRAPHICS FOUR LIMITED
2040000 | GREEN ANGLIA LIMITED
2045000 | GREENBOX STORAGE LIMITED
2050000 | GREER OFFSHORE MEDICS UK LIMITED
2055000 | GROOM YOUR GARDEN LIMITED
2060000 | GSCOM LTD
2065000 | GUNGATE HOTEL LIMITED
2070000 | H & V CONSULTANCY LIMITED
2075000 | H.ROOK(HULL)LIMITED
2080000 | HAIRCUT FOR HIM LIMITED
2085000 | HAMACON LIMITED
2090000 | HANDLING ASSOCIATES LIMITED
2095000 | HARBOUR ENTERPRISES (AMBLE) LIMITED
2100000 | HAROON ASSOCIATES LIMITED
2105000 | HARTS RADIATORS LIMITED
2110000 | HAVERING BUILDING SPECIALISTS LIMITED
2115000 | HAZOOR MEDICS LIMITED
2120000 | HEALTHCARE AT HOME SPECIALITY PHARMACEUTICALS LIMITED
2125000 | HEBDON ROAD LIMITED
2130000 | HEMHEM RECORDS LIMITED
2135000 | HERITAGE BUILDING PRESERVATION TRUST
2140000 | HEZHI TECHNOLOGY CO., LIMITED
2145000 | HIGH VOLTAGE PARTIAL DISCHARGE LIMITED
2150000 | HILL, GOODRIDGE & ASSOCIATES LIMITED
2155000 | HIT VALIDATION LTD
2160000 | HOGARTH RESIDENTS ASSOCIATION LIMITED
2165000 | HOLODIGIT LTD
2170000 | HOMESHOP EXTRA LIMITED
2175000 | HORNAFRIK INTEGRATION PROJECTS LTD
2180000 | HOUSE OF DAVID (1977) LIMITED
2185000 | HRA 2 LTD
2190000 | HULL TRAINS COMPANY LIMITED
2195000 | HUTCHINSONS GAS SERVICES LTD.
2200000 | I .I DAVID HEALTHCARE LIMITED
2205000 | I.N. NEWMAN LIMITED
2210000 | IBRAHIM'S CAFE & GRILL RESTAURANT LTD
2215000 | IDEABETTER LIMITED
2220000 | IHD DESIGN LIMITED
2225000 | IMAGO COMPUTERS LIMITED
2230000 | IMPROTECH ENGINEERING SERVICES LIMITED
2235000 | INDEPENDENT FINANCIAL OPTIONS (SELBY) LIMITED
2240000 | INEOS U.K. FINANCE COMPANY LIMITED
2245000 | INGRAM INVESTMENTS LIMITED
2250000 | INOVATE HEALTH LIMITED
2255000 | INSTINCTIF PARTNERS COMMUNICATIONS LIMITED
2260000 | INTELLIGO SERVICES LIMITED
2265000 | INTERNATIONAL ENGINEERING COMPANY LIMITED
2270000 | INTUITIVE TRANSLATIONS LTD
2275000 | IPHYSIO LTD
2280000 | ISD & PARTNERS LTD
2285000 | IT TECH SUPPORT SOLUTIONS LIMITED
2290000 | IWB ISLAMIC WORLD COMMITTEE LIMITED
2295000 | J BYNE HAULAGE LIMITED
2300000 | J NORMINGTON LIMITED
2305000 | J. GOODLEY & SONS LIMITED
2310000 | J.P. ELECTRICAL (SUSSEX) LIMITED
2315000 | JACOB & CO MEDICAL SERVICES LIMITED
2320000 | JAMES CROWE LTD
2325000 | JANIS LLOYD CHILDRENS SERVICES CONSULTANCY LIMITED
2330000 | JAYMAR SAVOY CAPITAL (4) LTD
2335000 | JDL LEISURE LIMITED
2340000 | JEREMY REVELL LIMITED
2345000 | JIB'S COMPUTERS & LAPTOP REPAIRS LTD
2350000 | JLC DANCE LTD
2355000 | JOBS 4 U NORTHAMPTON LIMITED
2360000 | JOHN LAWRENCE WALKER LIMITED
2365000 | JOINTALEPH LIMITED
2370000 | JOSSY CARE ENTERPRISES LIMITED
2375000 | JSBB LIMITED
2380000 | JUMP KNITWEAR LIMITED
2385000 | JVR ARCHITECTS UK LIMITED
2390000 | K P MOTORS LIMITED
2395000 | KABASHI LIMITED
2400000 | KAPLAN UWE LIMITED
2405000 | KATY'S CAMPERS LTD
2410000 | KEDLESTON ESTATE SHOOT LIMITED
2415000 | KEMPSFORD LEISURE LIMITED
2420000 | KENWYN LODGE RESIDENTS ASSOCIATION LIMITED
2425000 | KEY PUBLICITY PROFILES LTD
2430000 | KIDGELL TECHNOLOGIES LIMITED
2435000 | KING STREET (CHESHIRE) PROPERTIES LIMITED
2440000 | KINNAIRD COURT MANAGEMENT COMPANY LIMITED
2445000 | KJETIL ASBJOERNSEN LIMITED
2450000 | KNIGHTS BUILD LIMITED
2455000 | KOPFHOLZ - HOLZBEARBEITUNG LIMITED
2460000 | KS BUILDING SERVICES LIMITED
2465000 | 1066 TRADEMARKS LIMITED
2470000 | 153 PORTNALL ROAD LIMITED
2475000 | 1ST STOP DIRECT.COM LIMITED
2480000 | 24-7 CCTV SECURITY LIMITED
2485000 | 3 WINDMILL DRIVE (FREEHOLD) LTD
2490000 | 3D TRADING CO LLP
2495000 | 475 KINGSLAND ROAD LIMITED
2500000 | 5FOUR PAYROLL BUREAU LIMITED
2505000 | 7PRINT LTD
2510000 | A & E TIMLIN TRANSPORT LIMITED
2515000 | A D HASTIE LIMITED
2520000 | A P MITCHINSON LIMITED
2525000 | A-ZONE TECHNOLOGIES LIMITED
2530000 | A.J.SMITH & CO LTD
2535000 | A2Z SECURITY LIMITED
2540000 | ABACUS PROPERTY SERVICES 1 LIMITED
2545000 | ABELIAN LIMITED
2550000 | ABSCO LIMITED
2555000 | ACCESS I.T. LTD.
2560000 | ACECOMPUTERCENTRE LIMITED
2565000 | ACS DESIGNS LIMITED
2570000 | AD VALOREM HOSPITALITY SERVICES CREDITORS PARTNERSHIP
2575000 | ADEPT HR LIMITED
2580000 | ADVA TELECOMMUNICATIONS LIMITED
2585000 | ADZA LTD
2590000 | AFRAME MEDIA GROUP LIMITED
2595000 | AGMA (UK) LIMITED
2600000 | AINSLEYS OF LEEDS LIMITED
2605000 | AJAO SOLUTIONS LTD
2610000 | AL DINING LIMITED
2615000 | ALBERT CLIFF LONDON LIMITED
2620000 | ALEX LOGISTICS LTD
2625000 | ALISHAH'S SUPERMARKET LTD
2630000 | ALLECA LIMITED
2635000 | ALMA BARN MEWS MANAGEMENT COMPANY LIMITED
2640000 | ALRESFORD & DISTRICT AGRICULTURAL SOCIETY LIMITED
2645000 | AM TRENDSETTER PVT LTD
2650000 | AMBROSIAL KRISPEES LIMITED
2655000 | AMORVINE GLOBAL LIMITED
2660000 | ANCASTER GROUP LIMITED
2665000 | ANDREW TALES LIMITED
2670000 | ANGLIAN COMBINED RENEWABLE ENERGY LIMITED
2675000 | ANNINGTON FINANCE NO. 2 LIMITED
2680000 | ANYTIS MANAGEMENT LLP
2685000 | APP MANAGEMENT SOLUTIONS LTD
2690000 | APY LIMITED
2695000 | ARC HR LIMITED
2700000 | ARDROIL INVESTMENT COMPANY LIMITED
2705000 | ARLA DESIGN LTD
2710000 | ARROWSMITH LIMITED
2715000 | ARUNDEL PROPERTIES (LUTON) LTD
2720000 | ASHBY PAINTERS & DECORATORS LIMITED
2725000 | ASIAN YOUTH DEVELOPMENT AGENCY & ENTERPRISE
2730000 | ASSET PERFORMANCE MANAGEMENT LIMITED
2735000 | ASTBURY T.V.AERIALS LIMITED
Killed
16 | Investors min €200k / electric vehicles / London
441 | SWIFT INCORPORATIONS LIMITED
38 | HIFX PLC
5000 | RUNWICK PROPERTIES LIMITED
10000 | RYAN PLEASANTS SERVICES LIMITED
15000 | S C BAILEY LIMITED
20000 | S W GLASS (MIDLAND) LIMITED
25000 | S.M.I.F.O LIMITED
30000 | SAFARI SUD LIMITED
35000 | SAIMA RENNIE LIMITED
40000 | SALUJA HOLDINGS LIMITED
45000 | SANDERO RESTAURANT LIMITED
50000 | SAPPHIRE PARTITIONS LIMITED
55000 | SAUMUR SERVICES LIMITED
60000 | SC290927 LIMITED
65000 | SCIENCE FOR THE FUTURE LIMITED
70000 | SCOTTSDALE MANAGEMENT LIMITED
75000 | SEAFRANCE LIMITED
80000 | SECURE HIRE LIMITED
85000 | SELECT ENTERTAINMENT LONDON LIMITED
90000 | SENTRYWINDOWS&CONSERVATORIES LTD
95000 | SEU MT INVEST LTD
100000 | SHAADIINVITE LTD
105000 | SHARLINE LIMITED
110000 | SHELLEY MALHOTRA LTD
115000 | SHINY IT LTD
120000 | SHOWHOME CLEANING SERVICES LIMITED
125000 | SIGMA PRAXIS LIMITED
130000 | SILVERBASE LIMITED
135000 | SIMPLE IMAGES LIMITED
140000 | SINOCHEM (UNITED KINGDOM) LIMITED
145000 | SJD TAXI RENTALS LTD.
150000 | SKNOHSYS LIMITED
155000 | SLFTECH LIMITED
160000 | SMART PRINT & LABELS (SALES) LIMITED
165000 | SMITHS BUILDING SUPPLIES LIMITED
170000 | SO TECHNOLOGIES LIMITED
175000 | SOLAR AND WIND ENERGY LIMITED
180000 | SOLUTIONS RESOURCE GROUP LIMITED
185000 | SOTER RENEWABLES LIMITED
190000 | SOUTH WALES CCTV TRADERS LTD
195000 | SOUTHWICK AUTO CENTRE LTD
200000 | SPARTREV LIMITED
205000 | SPEEDY SOFAS LIMITED
210000 | SPIRRAC LIMITED
215000 | SPRING RESEARCH LIMITED
220000 | SRCL LIMITED
225000 | ST JOSEPHS MANAGEMENT (LIVERPOOL) LIMITED
230000 | STAFFORD ELECTRICAL CONTRACTORS LTD
235000 | STANWAY INVESTMENTS LIMITED
240000 | STATION CARS ( CRYSTAL PALACE ) LIMITED
245000 | STEP CHANGE TRAINING LIMITED
250000 | STEVE POPE PROPERTIES LIMITED
255000 | STOCKMARKETS DIGEST LIMITED
260000 | STORMBEX LIMITED
265000 | STRATUS ITC LIMITED
270000 | STUART MCMATH SERVICES LTD.
275000 | SUBSEA CONTROLS ENGINEERING LTD
280000 | SUMMYLAKE PROPERTIES LIMITED
285000 | SUNVILLE INVESTMENTS LIMITED
290000 | SURESMART LIMITED
295000 | SUTTON HEIGHTS INVESTMENTS LIMITED
300000 | SWEET TRUCK HAUL LIMITED
305000 | SYKES SCHOOL OF MOTORING LIMITED
310000 | SZADA TRANSPORT LTD
315000 | T&N TECHNOLOGY LTD
320000 | TABRAMHILL ESTATES LIMITED
325000 | TALKMUSICALLY LIMITED
330000 | TARA FITZGERALD LTD
335000 | TAWSEN LTD
340000 | TCI INFRASTRUCTURE (AFRICA) LIMITED
345000 | TECHMAN ENGINEERING LTD.
350000 | TEJAS PATEL LIMITED
355000 | TEN MILE MENU LIMITED
360000 | TESTING TESTING P.A.T LTD
365000 | THAT DOT UK LTD
370000 | THE BANK OF NEW YORK CAPITAL MARKETS LIMITED
375000 | THE BRITISH FRIENDS OF THE JAFFA INSTITUTE
380000 | THE CLARKE DARBY PARTNERSHIP LIMITED
385000 | THE DAVID SHELDRICK WILDLIFE TRUST
390000 | THE FACILITATORS LIMITED
395000 | THE GIPSY MOTH TRUST
400000 | THE HIGHBALL TRUST (BIRMINGHAM) LIMITED
405000 | THE KING JAMES QUAY MANAGEMENT LIMITED
410000 | THE LOTTERY PARTNERSHIP LLP
415000 | THE NARRATIVE LONDON LIMITED
420000 | THE PALMER FAMILY TRUST PLC
425000 | THE QI PARTNERSHIP LLP
430000 | THE SCOTTISH TRADITIONAL BOAT FESTIVAL
435000 | THE SUNBED CENTRE (SUTTON) LIMITED
440000 | THE VILLAGE BOOKSHOP LIMITED
445000 | THE-PAINTBOX LTD
450000 | THIRD PARTY DELIVERY LIMITED
455000 | THORNHILL FIBRES LIMITED
460000 | TICK TREND MANAGEMENT LLP
465000 | TIMBERSTEEL LIMITED
470000 | TITANS PARK HOME REFURBISHMENT LIMITED
475000 | TO ESCAPE TO LIMITED
480000 | TONGDEAN EYE CLINIC LIMITED
485000 | TOPINCS LIMITED
490000 | TOTAL ROPE SOLUTIONS LIMITED
495000 | TOWNLEY STONE HOLDINGS LIMITED
500000 | TRADIMEX CONSULTING LIMITED
505000 | TRANSLATION WORLD LIMITED
510000 | TREGAY PROPERTIES LLP
515000 | TRIGRAPH (2013) LIMITED
520000 | TROPICA LIMITED
525000 | TSI STAMFORD LIMITED
530000 | TURMORE PROPERTIES LIMITED
535000 | TWINOUGH REAL ESTATE UK LIMITED
540000 | U S L MANAGEMENT SERVICES LTD
545000 | UK EQUIPMENT SERVICES LTD
550000 | UKO ENTERPRISES LIMITED
555000 | UNI PIZZA LIMITED
560000 | UNITED INTELLIGENCE LIMITED
565000 | UPI SCHEMES LTD
570000 | USEMORE (UK) LIMITED
575000 | VAILLANT TECHNOLOGIES LTD.
580000 | VANI STAR LIMITED
585000 | VEGANKIND LTD
590000 | VERIFY INTERNATIONAL LIMITED
595000 | VIBRANT MOTORSPORTS LIMITED
600000 | VILAROSE LTD
605000 | VIRTOSIA LTD
610000 | VITAL SINES LIMITED
615000 | VOLT MEDIA LIMITED
620000 | W FORREST PROPERTIES LIMITED
625000 | WADDINGTON PROPERTIES LIMITED
630000 | WALRUS CONSULTING LIMITED
635000 | WARREN PROJECTS LIMITED
640000 | WATERSIDE WINDFARM LIMITED
645000 | WE ARE TELESCOPIC LTD
650000 | WEBWORKS INTERNET (UK) LIMITED
655000 | WELLTHERM DRILLING LTD
660000 | WEST LANCASHIRE FARRIERS LIMITED
665000 | WESTFIELDS HOMES (THE CLIMB) LLP
670000 | WH PARTNERSHIP (SOUTHERN) LTD
675000 | WHITE M LIMITED
680000 | WHOAGREES LIMITED
685000 | WILKES-LUCAS LIMITED
690000 | WILLOWBANK MANOR LIMITED
695000 | WINDOW TO LAW LIMITED
700000 | WISDOM STAFFING SOLUTIONS LTD
705000 | WOLFF & PARTNERS LLP
710000 | WOODLEY PENSION TRUSTEES LIMITED
715000 | WORKTOPS CHELTENHAM LTD
720000 | WR2 ACCOUNTING LIMITED
725000 | WYLAM BREWERY LIMITED
730000 | XONUBI LIMITED
735000 | YATTON VILLAGE SOCIAL CLUB LIMITED
740000 | YORDAN  KRAEV LTD
745000 | YOUR STORE EXETER LIMITED
750000 | ZANSHIN CONSULTANCY LTD
755000 | ZETAGOLD LIMITED
760000 | ZTING LTD
765000 | KYLE COURIERS LTD.
770000 | L. A. A. S. I. AVIATION LIMITED
775000 | LACATAY LIMITED
780000 | LAMBAL LIMITED
785000 | LANDSCAPING 4U LTD
790000 | LARKHALL COMMUNITY GROWERS
795000 | LAVA VIDEO (UK) LIMITED
800000 | LCS LIFETIME SERVICES (NORTHWEST) LIMITED
805000 | LEARNING SMARTER LIMITED
810000 | LEGAL AND BUSINESS CONSULTING LIMITED
815000 | LENRAF LIMITED
820000 | LEVERTON & COMPANY LIMITED
825000 | LIBERTY CHOICE LTD
830000 | LIGHTHOUSE ELECTRICAL SERVICES LTD
835000 | LINCOLNS CARE LIMITED
840000 | LINTON AND HIRST GROUP LIMITED
845000 | LITTLE FUN FEST AT YORK MAZE LTD
850000 | LIZ EVANS CONSULTANCY LIMITED
855000 | LNS SERVICES LTD.
860000 | LOGIC IT NETWORKS LIMITED
865000 | LONDON DEVICE EXCHANGE LIMITED
870000 | LONG TERM PUBS LIMITED
875000 | LOTSOFJOBLOTS LIMITED
880000 | LOWRANCE TRUSTEE COMPANY LIMITED
885000 | LUCKY WINES LTD
890000 | LUXURY CRAFTSMAN COMPANY LTD
895000 | M & E TRAVEL LIMITED
900000 | M G PHYSIO LIMITED
905000 | M&I TRANSPORT SERVICES LTD
910000 | M.KAYE(JEWELLERS)LIMITED
915000 | MACEACHERN HCH LTD
920000 | MADHO ENTERPRISES LIMITED LIMITED
925000 | MAHAVIR CONSULTING LTD
930000 | MAKEOVER LONDON LTD
935000 | MANA SOUND LIMITED
940000 | MANOLO SERVICES LIMITED
945000 | MAPRI LTD
950000 | MARINA FISH RESTAURANT LTD
955000 | MARKA CONSTRUCTION LTD
960000 | MARSDEN JAZZ FESTIVAL LIMITED
965000 | MARVIE LIMITED
970000 | MATCH MILL LTD
975000 | MAVERICKS OF MACCLESFIELD LIMITED
980000 | MAYFIELD SERVICE MANAGEMENT LIMITED
985000 | MCBRAN  ASSOCIATES LIMITED
990000 | MCLEAN PROPERTY MANAGEMENT LIMITED
995000 | MEADOWLANDS (NORTH) LIMITED
1000000 | MEDICAL FUTURES INNOVATION AWARDS LIMITED
1005000 | MEIKLEWOOD DEVELOPMENTS LIMITED
1010000 | MEPC CHINEHAM PARK NO. 2 LIMITED
1015000 | MERSEA ISLAND SECURITIES LIMITED
1020000 | METROPOLITAN SCHOOL OF BUSINESS AND MANAGEMENT
1025000 | MIAH'S (PANGBOURNE) LIMITED
1030000 | MICROSCAL LIMITED
1035000 | MIESPACIO LTD
1040000 | MILL SOFT TOYS LIMITED
1045000 | MIME ARCHITECTS LIMITED
1050000 | MIRAGE CLEANING SERVICES LIMITED
1055000 | MIZABEL LIMITED
1060000 | MLTCSTORE4YOU LIMITED
1065000 | MODEKARUSSELL EUROPA LIMITED
1070000 | MONARCH TRADE LIMITED
1075000 | MONTSOURCE LTD
1080000 | MORENEED LIMITED
1085000 | MOSAIC MORTGAGE MANAGEMENT LIMITED
1090000 | MOUNTAIN OWL LTD
1095000 | MR GAS SERVICES LTD
1100000 | MSZL LTD
1105000 | MULTIREAD METERS LIMITED
1110000 | MUSTARD POST PRODUCTION LTD
1115000 | MYATT-WELLS LIMITED
1120000 | N N R LIMITED
1125000 | NAK CONSULTING SERVICES LIMITED
1130000 | NATIONAL ENERGY SERVICES LIMITED
1135000 | NAZIA TRADING LTD
1140000 | NEIL FERGUSSON (CHEMIST) LIMITED
1145000 | NETCARE EUROPE LIMITED
1150000 | NEW CLASSIQUE RECORDINGS LIMITED
1155000 | NEW WORLD EXOTICS LTD
1160000 | NEWSEAT LIMITED
1165000 | NIC AND LOU LIMITED
1170000 | NIGHTINGALE POETRY LTD.
1175000 | NK PSYCHOLOGICAL SERVICES LTD
1180000 | NOMINA NO 122 LLP
1185000 | NORTH BELFAST EMPLOYMENT CENTRE
1190000 | NORTHERN CAR HIRE LTD
1195000 | NOSH PUBLICATIONS LIMITED
1200000 | NRB ROADPHONE GROUP LIMITED
1205000 | NURSTED BUILDERS LIMITED
1210000 | O.P.M. SOUTHERN LIMITED
1215000 | OASIS ASSET ASSOCIATES LIMITED
1220000 | OCTO9 LTD.
1225000 | OILFIELD QUALITY CONSULTANTS LTD
1230000 | OLIVERDE LTD
1235000 | ON-THE-GO-HOOK LIMITED
1240000 | ONLY LOVE MUSIC LIMITED
1245000 | OPTIK FILMS LIMITED
1250000 | ORCHARD FIELDS (OVER) RESIDENTS ASSOCIATION LIMITED
1255000 | ORR SERVICES LIMITED
1260000 | OUR DOGS CENTENARY LIMITED
1265000 | OWSTON COMMERCIALS LIMITED
1270000 | P & R ROBINSON LIMITED
1275000 | P&B DECORATORS LIMITED
1280000 | P2D SOLUTIONS LIMITED
1285000 | PAKEEZA CATEERING LIMITED
1290000 | PANIC TRANSPORT LIMITED
1295000 | PARCELGIANTS LIMITED
1300000 | PARKSIDE HOUSE LIMITED
1305000 | PASSIFLORA HOLISTIC HEALTH LIMITED
1310000 | PAUL FOLD (DIAMOND DRILLING) LTD
1315000 | PAYROLL PLUS LIMITED
1320000 | PEACOCK LONDON LTD.
1325000 | PEGASUS VENTURES (UK) LIMITED
1330000 | PENNY HYDRAULICS LIMITED
1335000 | PERFECT PAGES LIMITED
1340000 | PEST SOLUTIONS LIMITED
1345000 | PETRA&JON LTD
1350000 | PHAZED LIMITED
1355000 | PHOENIX INTERIORS (SW) LTD
1360000 | PICTURE WINDOWS (LINCS) LIMITED
1365000 | PINNACLE ALPACAS LLP
1370000 | PIZZA GOGO DULWICH LIMITED
1375000 | PLANNING & MANAGEMENT SERVICES LIMITED
1380000 | PLEXUS PLANNING LIMITED
1385000 | PNPF TRUST COMPANY LIMITED
1390000 | POMANAK MARKETING LIMITED
1395000 | PORTLAND STREET PRACTICE LTD
1400000 | POWER ELECTRICAL SOLUTIONS LTD
1405000 | PRANA SPA LIMITED
1410000 | PREMIER MOBILE PHONES LTD
1415000 | PRESTIGE SERVICE LIMITED
1420000 | PRIME SOFTWARE DESIGN LIMITED
1425000 | PRISTINE COMPONENTS LIMITED
1430000 | PROCTER & CHESTER MEASUREMENTS (HOLDINGS) LIMITED
1435000 | PROJECT ABMH LIMITED
1440000 | PROPERTY IN BRITAIN LIMITED
1445000 | PROVECTUS SERVICES LIMITED
1450000 | PUBKEEPING UK LTD
1455000 | PUREMOOV LIMITED
1460000 | Q NETWORKS LTD
1465000 | QUALITY COACHING LIMITED
1470000 | QUEENSBRIDGE HOMES LTD
1475000 | QWIRKY WOMEN LIMITED
1480000 | R HOOPER LIMITED
1485000 | R. E. M. NETWORKS LIMITED
1490000 | R4CAD LTD
1495000 | RAGDALE PROPERTIES LIMITED
1500000 | RAMEN LIMITED
1505000 | RASORRA LIMITED
1510000 | RB ACCOUNTING SERVICES LIMITED
1515000 | READY & PREPARED LIMITED
1520000 | RECSTORHIRE SOLUTIONS LTD
1525000 | RED WHITE AND FIZZ LTD
1530000 | REED EVENTS LIMITED
1535000 | REGIMENTAL PROPERTIES LIMITED
1540000 | REMUS & CO LTD
1545000 | RESIDENTS MANAGEMENT (17 ADAMSON ROAD) LIMITED
1550000 | REVENUE ASSURANCE METER POINT SERVICES LIMITED
1555000 | RHO INVESTMENTS LIMITED
1560000 | RICHARDSON HOWARTH LLP
1565000 | RIGHTS AND REMEDIES UK LTD
1570000 | RIVER HEIGHTS TENANT MANAGEMENT CO-OPERATIVE LIMITED
1575000 | RKS & CO. SERVICES LTD
1580000 | ROBERT A NEELY LTD.
1585000 | ROCCA ENGINEERING SERVICES LIMITED
1590000 | ROGER LEWIS LIMITED
1595000 | ROOFERS MATE LIMITED
1600000 | ROSIE LEA BAKERY LIMITED
1605000 | ROWDY PRODUCTIONS LIMITED
1610000 | RS OVERSEAS LLP
1615000 | DERWENT PLYMOUTH LIMITED
1620000 | DEV TILAK PVT LTD
1625000 | DGL ENERGY LIMITED
1630000 | DICKERMAN OVERSEAS CONTRACTING COMPANY LIMITED
1635000 | DILA LIMITED
1640000 | DIRTY CARTEL LIMITED
1645000 | DJ CONTRACT SERVICES LIMITED
1650000 | DMN FILMS LIMITED
1655000 | DOLPHIN INDOOR BOWLS CLUB LIMITED
1660000 | DORCO EUROPE LIMITED
1665000 | DOWN COMMUNITY RADIO LIMITED
1670000 | DRAGON ESTATES LIMITED
1675000 | DRINKWATERS LANDHOLDINGS LIMITED
1680000 | DSRE HOLDINGS LIMITED
1685000 | DUNCAN WOOD CONSULTING LIMITED
1690000 | DW WATER PARTNERSHIP LIMITED
1695000 | E LESTER CONSULTING LIMITED
1700000 | E.V. HUGHES AND SON CO. LIMITED
1705000 | EAST ANGLIA DAIRY HR LTD
1710000 | EASTSIDE COLLEGE LTD
1715000 | ECCLESGREEN LIMITED
1720000 | ECONOPOWER CONSULTING ENGINEERS LIMITED
1725000 | EDIE CONSULTING LIMITED
1730000 | EEZHAVATHANA LTD
1735000 | EKA CONSULTING SERVICES LIMITED
1740000 | ELECTRON ELECTRICAL SERVICES LIMITED
1745000 | ELITE LEADS DIRECT LIMITED
1750000 | ELM TREE PROJECT (SOUTHALL) LIMITED
1755000 | EMCO INTERNATIONAL LIMITED
1760000 | EMPORIA GLOBAL LIMITED
1765000 | ENERGY RESOURCES DEVELOPMENTS LIMITED
1770000 | ENSCO 928 LIMITED
1775000 | EO ENTERPRISES LIMITED
1780000 | ER (INTERIM) LTD
1785000 | ESM SERVICES LTD
1790000 | ESUN ENERGY CO., LTD
1795000 | EURO LINK CARS LIMITED
1800000 | EUROPEAN TRADERS LIMITED
1805000 | EVERGREEN BIOSCIENCE LTD
1810000 | EXAUTO OF EXETER LIMITED
1815000 | EXLEY HEALTHCARE LTD
1820000 | EXTRAWAY LIMITED
1825000 | F.C. SPRING (ESSEX) LIMITED
1830000 | FAIR-PRICE KITCHENS & BATHROOMS LTD.
1835000 | FAMILY ACTION IN OUR REGION
1840000 | FASH MEDICAL LTD
1845000 | FD CAR LIMITED
1850000 | FERGUSSONS AUTO SERVICES (SURREY) LIMITED
1855000 | FIELD SYSTEMS DESIGNS HOLDINGS PLC
1860000 | FINANCING SERVICES LIMITED
1865000 | FIRE PROTECTION MATTERS LTD
1870000 | FIRST PARAMOUNT TRADING LTD
1875000 | FITZROVIA PLUMBING LIMITED
1880000 | FLEET ROAD NW3 LIMITED
1885000 | FLORINA BOUTIQUE LTD
1890000 | FOCUSED EVALUATIONS PROGRAM PTY. LTD.
1895000 | FORDHOOK TRANSPORT COMPANY LTD
1900000 | FORTFIELD CONSULTING (UK) LIMITED
1905000 | FOUR SEASONS TEXTURED COATINGS LIMITED
1910000 | FRANCIS LEISURE LIMITED
1915000 | FREELANCE EURO SERVICES (MDCCXLI) LIMITED
1920000 | FRIENDS ASSOCIATES LIMITED
1925000 | FUBAR FITNESS LTD
1930000 | FUSE BI LTD
1935000 | G & G CONSTRUCTION LIMITED
1940000 | G S L SPORTSWEAR LIMITED
1945000 | G.P.M. DESIGNS LIMITED
1950000 | GALEBREAKER ENTERPRISES LLP
1955000 | GARDENLINE LIMITED
1960000 | GATEN LIMITED
1965000 | GD SECURITY LIMITED
1970000 | GENERAL COMMUNICATIONS U.K. LIMITED
1975000 | GEORGE FILMS LIMITED
1980000 | GG1 CATERING LIMITED
1985000 | GILLETT CO UK LIMITED
1990000 | GLADSTONE SOFTWARE DEVELOPMENT LIMITED
1995000 | GLENN CRACKNELL CONSULTING LIMITED
2000000 | GLOBAL MANAGEMENT SERVICES LIMITED
2005000 | GLOUCESTER MOTORS LIMITED
2010000 | GO4IT SOLUTIONS LTD
2015000 | GOLDENCREST DEVELOPMENTS LIMITED
2020000 | GOODMAN 123 LIMITED
2025000 | GOZLUGOL LIMITED
2030000 | GRAHAM WOODEND PLASTERING AND BUILDING SERVICES LTD
2035000 | GRAPHICS FOUR LIMITED
2040000 | GREEN ANGLIA LIMITED
2045000 | GREENBOX STORAGE LIMITED
2050000 | GREER OFFSHORE MEDICS UK LIMITED
2055000 | GROOM YOUR GARDEN LIMITED
2060000 | GSCOM LTD
2065000 | GUNGATE HOTEL LIMITED
2070000 | H & V CONSULTANCY LIMITED
2075000 | H.ROOK(HULL)LIMITED
2080000 | HAIRCUT FOR HIM LIMITED
2085000 | HAMACON LIMITED
2090000 | HANDLING ASSOCIATES LIMITED
2095000 | HARBOUR ENTERPRISES (AMBLE) LIMITED
2100000 | HAROON ASSOCIATES LIMITED
2105000 | HARTS RADIATORS LIMITED
2110000 | HAVERING BUILDING SPECIALISTS LIMITED
2115000 | HAZOOR MEDICS LIMITED
2120000 | HEALTHCARE AT HOME SPECIALITY PHARMACEUTICALS LIMITED
2125000 | HEBDON ROAD LIMITED
2130000 | HEMHEM RECORDS LIMITED
2135000 | HERITAGE BUILDING PRESERVATION TRUST
2140000 | HEZHI TECHNOLOGY CO., LIMITED
2145000 | HIGH VOLTAGE PARTIAL DISCHARGE LIMITED
2150000 | HILL, GOODRIDGE & ASSOCIATES LIMITED
2155000 | HIT VALIDATION LTD
2160000 | HOGARTH RESIDENTS ASSOCIATION LIMITED
2165000 | HOLODIGIT LTD
2170000 | HOMESHOP EXTRA LIMITED
2175000 | HORNAFRIK INTEGRATION PROJECTS LTD
2180000 | HOUSE OF DAVID (1977) LIMITED
2185000 | HRA 2 LTD
2190000 | HULL TRAINS COMPANY LIMITED
2195000 | HUTCHINSONS GAS SERVICES LTD.
2200000 | I .I DAVID HEALTHCARE LIMITED
2205000 | I.N. NEWMAN LIMITED
2210000 | IBRAHIM'S CAFE & GRILL RESTAURANT LTD
2215000 | IDEABETTER LIMITED
2220000 | IHD DESIGN LIMITED
2225000 | IMAGO COMPUTERS LIMITED
2230000 | IMPROTECH ENGINEERING SERVICES LIMITED
2235000 | INDEPENDENT FINANCIAL OPTIONS (SELBY) LIMITED
2240000 | INEOS U.K. FINANCE COMPANY LIMITED
2245000 | INGRAM INVESTMENTS LIMITED
2250000 | INOVATE HEALTH LIMITED
2255000 | INSTINCTIF PARTNERS COMMUNICATIONS LIMITED
2260000 | INTELLIGO SERVICES LIMITED
2265000 | INTERNATIONAL ENGINEERING COMPANY LIMITED
2270000 | INTUITIVE TRANSLATIONS LTD
2275000 | IPHYSIO LTD
2280000 | ISD & PARTNERS LTD
2285000 | IT TECH SUPPORT SOLUTIONS LIMITED
2290000 | IWB ISLAMIC WORLD COMMITTEE LIMITED
2295000 | J BYNE HAULAGE LIMITED
2300000 | J NORMINGTON LIMITED
2305000 | J. GOODLEY & SONS LIMITED
2310000 | J.P. ELECTRICAL (SUSSEX) LIMITED
2315000 | JACOB & CO MEDICAL SERVICES LIMITED
2320000 | JAMES CROWE LTD
2325000 | JANIS LLOYD CHILDRENS SERVICES CONSULTANCY LIMITED
2330000 | JAYMAR SAVOY CAPITAL (4) LTD
2335000 | JDL LEISURE LIMITED
2340000 | JEREMY REVELL LIMITED
2345000 | JIB'S COMPUTERS & LAPTOP REPAIRS LTD
2350000 | JLC DANCE LTD
2355000 | JOBS 4 U NORTHAMPTON LIMITED
2360000 | JOHN LAWRENCE WALKER LIMITED
2365000 | JOINTALEPH LIMITED
2370000 | JOSSY CARE ENTERPRISES LIMITED
2375000 | JSBB LIMITED
2380000 | JUMP KNITWEAR LIMITED
2385000 | JVR ARCHITECTS UK LIMITED
2390000 | K P MOTORS LIMITED
2395000 | KABASHI LIMITED
2400000 | KAPLAN UWE LIMITED
2405000 | KATY'S CAMPERS LTD
2410000 | KEDLESTON ESTATE SHOOT LIMITED
2415000 | KEMPSFORD LEISURE LIMITED
2420000 | KENWYN LODGE RESIDENTS ASSOCIATION LIMITED
2425000 | KEY PUBLICITY PROFILES LTD
2430000 | KIDGELL TECHNOLOGIES LIMITED
2435000 | KING STREET (CHESHIRE) PROPERTIES LIMITED
2440000 | KINNAIRD COURT MANAGEMENT COMPANY LIMITED
2445000 | KJETIL ASBJOERNSEN LIMITED
2450000 | KNIGHTS BUILD LIMITED
2455000 | KOPFHOLZ - HOLZBEARBEITUNG LIMITED
2460000 | KS BUILDING SERVICES LIMITED
2465000 | 1066 TRADEMARKS LIMITED
2470000 | 153 PORTNALL ROAD LIMITED
2475000 | 1ST STOP DIRECT.COM LIMITED
2480000 | 24-7 CCTV SECURITY LIMITED
2485000 | 3 WINDMILL DRIVE (FREEHOLD) LTD
2490000 | 3D TRADING CO LLP
2495000 | 475 KINGSLAND ROAD LIMITED
2500000 | 5FOUR PAYROLL BUREAU LIMITED
2505000 | 7PRINT LTD
2510000 | A & E TIMLIN TRANSPORT LIMITED
2515000 | A D HASTIE LIMITED
2520000 | A P MITCHINSON LIMITED
2525000 | A-ZONE TECHNOLOGIES LIMITED
2530000 | A.J.SMITH & CO LTD
2535000 | A2Z SECURITY LIMITED
2540000 | ABACUS PROPERTY SERVICES 1 LIMITED
2545000 | ABELIAN LIMITED
2550000 | ABSCO LIMITED
2555000 | ACCESS I.T. LTD.
2560000 | ACECOMPUTERCENTRE LIMITED
2565000 | ACS DESIGNS LIMITED
2570000 | AD VALOREM HOSPITALITY SERVICES CREDITORS PARTNERSHIP
2575000 | ADEPT HR LIMITED
2580000 | ADVA TELECOMMUNICATIONS LIMITED
2585000 | ADZA LTD
2590000 | AFRAME MEDIA GROUP LIMITED
2595000 | AGMA (UK) LIMITED
2600000 | AINSLEYS OF LEEDS LIMITED
2605000 | AJAO SOLUTIONS LTD
2610000 | AL DINING LIMITED
2615000 | ALBERT CLIFF LONDON LIMITED
2620000 | ALEX LOGISTICS LTD
2625000 | ALISHAH'S SUPERMARKET LTD
2630000 | ALLECA LIMITED
2635000 | ALMA BARN MEWS MANAGEMENT COMPANY LIMITED
2640000 | ALRESFORD & DISTRICT AGRICULTURAL SOCIETY LIMITED
2645000 | AM TRENDSETTER PVT LTD
2650000 | AMBROSIAL KRISPEES LIMITED
2655000 | AMORVINE GLOBAL LIMITED
2660000 | ANCASTER GROUP LIMITED
2665000 | ANDREW TALES LIMITED
2670000 | ANGLIAN COMBINED RENEWABLE ENERGY LIMITED
2675000 | ANNINGTON FINANCE NO. 2 LIMITED
2680000 | ANYTIS MANAGEMENT LLP
2685000 | APP MANAGEMENT SOLUTIONS LTD
2690000 | APY LIMITED
2695000 | ARC HR LIMITED
2700000 | ARDROIL INVESTMENT COMPANY LIMITED
2705000 | ARLA DESIGN LTD
2710000 | ARROWSMITH LIMITED
2715000 | ARUNDEL PROPERTIES (LUTON) LTD
2720000 | ASHBY PAINTERS & DECORATORS LIMITED
2725000 | ASIAN YOUTH DEVELOPMENT AGENCY & ENTERPRISE
2730000 | ASSET PERFORMANCE MANAGEMENT LIMITED
2735000 | ASTBURY T.V.AERIALS LIMITED
2740000 | ATHERSTONE TILING CONTRACTORS LTD
2745000 | ATTLEBRICK LIMITED
2750000 | AUSTRALIAN OIL COMPANY (UK) LIMITED
2755000 | AV-SONIX LIMITED
2760000 | AVON BUSINESS & LEISURE LIMITED
2765000 | AYATA LIMITED
2770000 | B AND C ROOFING LIMITED
2775000 | B.GREEN ELECTRICAL SERVICES LTD
2780000 | BAD APPLE SOLUTIONS LTD
2785000 | BALDREY RAIL RESOURCE LIMITED
2790000 | BANGLA NET LTD
2795000 | BARIKA LIMITED
2800000 | BARRY COMPUTERS LIMITED
2805000 | BATH STREET FISH & CHIPS LIMITED
2810000 | BBS UK LIMITED
2815000 | BEANCOUNTER SOLUTIONS UK LIMITED
2820000 | BED (SW) LIMITED
2825000 | BELFAST BREWING COMPANY LTD
2830000 | BELVEDERE RESOURCES (UK) LTD
2835000 | BENX LIMITED
2840000 | BESPOKE LICENSING LTD
2845000 | BEVERLEY GLOCK COOKERY SCHOOL LIMITED
2850000 | BIDDALL LEISURE LIMITED
2855000 | BILLINGSHURST COMMUNITY TRANSPORT LIMITED
2860000 | BIRMINGHAM AREA MILK FOR SCHOOLS LTD
2865000 | BKS PLASTICS LIMITED
2870000 | BLACKROCK TECHNOLOGIES LIMITED
2875000 | BLISS BARS LIMITED
2880000 | BLUE LINE CANAL CARRIERS LTD
2885000 | BLUES IN BUSINESS LIMITED
2890000 | BOB WHITE SERVICES LTD
2895000 | BONALY TAXIS LTD.
2900000 | BORINVEST SERVICES LLP
2905000 | BOWEDENE LIMITED
2910000 | BRADENSTOKE ENGINEERING SERVICES LIMITED
2915000 | BRANDON HIRE GROUP HOLDINGS LIMITED
2920000 | BRENTFORD DEVELOPMENTS LIMITED
2925000 | BRIDGEPLAN LIMITED
2930000 | BRIMGLADES LIMITED
2935000 | BRITT PHARM LTD
2940000 | BRONZEFERN LIMITED
2945000 | BROOKSON (5677L) LIMITED
2950000 | BRUNSWICK RESIDENTIAL LETTING LIMITED
2955000 | BUCKINGHAMSHIRE HIP AND KNEE CLINIC LTD
2960000 | BULTECH LIMITED
2965000 | BURWOOD INVESTMENTS LIMITED
2970000 | BUTLERS CHOCOLATE CAFES UK
2975000 | C & D E DESIGN LIMITED
2980000 | C M WOODWORKS LIMITED
2985000 | C.G. EASTES (SHOPFITTERS) LIMITED
2990000 | CACTUS TRAINING LTD
2995000 | CALAMANKEY FARM LLP
3000000 | CAMARC DESIGN LIMITED
3005000 | CAMPBELL RIDDELL TRUSTEES LIMITED
3010000 | CANTRE'R GWAELOD CYF
3015000 | CAPTAIN OZ LTD
3020000 | CARE HOME MANAGEMENT SOLUTIONS LIMITED
3025000 | CARMASTERS (SCOTLAND) LIMITED
3030000 | CARTER GOODSON TRAVEL LIMITED
3035000 | CASTLE BUILDING SERVICES (LONDON) LTD
3040000 | CATHEDRAL HEALTHCARE (HOLDINGS) LIMITED
3045000 | CC ORGANISATION DEVELOPMENT LTD
3050000 | CELEBRATION ANGELS LTD
3055000 | CENTRAS ASSOCIATES LIMITED
3060000 | CG MANAGEMENT 2012 LIMITED
3065000 | CHANDLERS CONSULTANTS LTD
3070000 | CHARLES MCDOWELL PROPERTIES LIMITED
3075000 | CHATSWORTH HOPE LIMITED
3080000 | CHERITON RESOURCES 3 LIMITED
3085000 | CHICCO LIMITED
3090000 | CHISLEHURST DRY CLEANNERS LTD
3095000 | CHRIST COLLEGE HOLIDAY ACTIVITIES LIMITED
3100000 | CI STRUCTURES (UK) LIMITED
3105000 | CITIPORT LIMITED
3110000 | CJ GOODWILL PROFESSIONAL SERVICES LIMITED
3115000 | CLARIA HEADSETS LIMITED
3120000 | CLAYTON PROPERTIES MANAGEMENT LIMITED
3125000 | CLERKENWELL CONSULTING LTD
3130000 | CLIVE WADEY PAXFORD GARAGE LIMITED
3135000 | CLYDE CONSORTIUM LTD.
3140000 | COAST TO COAST PROMOTIONS LIMITED
3145000 | COGENESIS LTD
3150000 | COLLEGEDATE LTD
3155000 | COMFORT LODGE LIMITED
3160000 | COMPANION CARE (KIDDERMINSTER) LIMITED
3165000 | COMPURANTS LIMITED
3170000 | CONFLICT STUDIES RESEARCH CENTRE LTD
3175000 | CONSTRUCTION & MINING EQUIPMENT SERVICES INTERNATIONAL, L.L.C.
3180000 | CONTROL CIRCLE LIMITED
3185000 | COPPER ENTERPRISES LTD
3190000 | CORNHILL ABERDEEN LTD
3195000 | COSTA BLANCA VILLA LIMITED
3200000 | COUNTY HEALTHCARE (P2) LIMITED
3205000 | CPA CULTURPUR - ART & FINANCE CORPORATION LIMITED
3210000 | CRANLEY SCHOOL LIMITED
3215000 | CREATIVE SQUEEZE LIMITED
3220000 | CRISPIES GLOBAL LIMITED
3225000 | CROSTHWAITE LIMITED
3230000 | CRYSTAL MEDIA SOLUTIONS LIMITED
3235000 | CULCHETH LIMITED
3240000 | CUSTOM SECURITY ALARMS LIMITED
3245000 | CYPRUS DIRECT HOLIDAYS LIMITED
3250000 | D GRAY MOBILE MECHANIC SERVICES LTD
3255000 | D'ARCY SOAR CONSULTANCY SERVICES LIMITED
3260000 | D.T. JONES & SON (BUILDERS) LTD
3265000 | DALE WHOLESALE LIMITED
3270000 | DANIEL COOPER GENERAL BUILDERS LIMITED
3275000 | DARRYL CURCHER PHOTOGRAPHY & EVENTS LTD
3280000 | DAVE BAMBER PLANT (NW) LIMITED
3285000 | DAVID P LINNELL CONSULTING LIMITED
3290000 | DAYLIGHT INNOVATION INVESTMENT SUPPORT CORPORATION LIMITED
3295000 | DE LOBO LIMITED
3300000 | DECOPULSE LIMITED
3305000 | DELICATE DELIGHTS LIMITED
3310000 | DENIA LIMITED
3311196 | DENSOL LIMITED
29 | Chief Manufacturing Technologist / Reaction Engines 
539 | SWIFT INCORPORATIONS LIMITED
39 | 1SPATIAL PLC
